Arguments: 
  /Users/raynux/.nvm/versions/node/v9.10.1/bin/node /Users/raynux/.nvm/versions/node/v9.10.1/bin/yarn esm2cjs

PATH: 
  /Users/raynux/.rvm/gems/jruby-1.6.8/bin:/Users/raynux/.rvm/gems/jruby-1.6.8@global/bin:/Users/raynux/.rvm/rubies/jruby-1.6.8/bin:/Users/raynux/.pyenv/shims:/usr/local/sbin:/Users/raynux/google-cloud-sdk/bin:/Users/raynux/.zplug/bin:/Users/raynux/.nvm/versions/node/v9.10.1/bin:/usr/local/heroku/bin:/Users/raynux/.nodebrew/current/bin:/Users/raynux/.rbenv/shims:/usr/local/bin:/usr/bin:/bin:/usr/sbin:/sbin:/opt/X11/bin:/Users/raynux/Library/Android/sdk/tools:/Users/raynux/Library/Android/sdk/platform-tools:/Users/raynux/.rvm/bin

Yarn version: 
  1.5.1

Node version: 
  9.10.1

Platform: 
  darwin x64

npm manifest: 
  {
    "dependencies": {
      "lodash": "^4.17.5",
      "moment": "^2.22.0",
      "zeppelin-solidity": "^1.8.0"
    },
    "scripts": {
      "esm2cjs": "sh ems2cjs.sh",
      "test": "yarn esm2cjs && truffle test"
    }
  }

yarn manifest: 
  No manifest

Lockfile: 
  # THIS IS AN AUTOGENERATED FILE. DO NOT EDIT THIS FILE DIRECTLY.
  # yarn lockfile v1
  
  
  bn.js@4.11.6:
    version "4.11.6"
    resolved "https://registry.yarnpkg.com/bn.js/-/bn.js-4.11.6.tgz#53344adb14617a13f6e8dd2ce28905d1c0ba3215"
  
  dotenv@^4.0.0:
    version "4.0.0"
    resolved "https://registry.yarnpkg.com/dotenv/-/dotenv-4.0.0.tgz#864ef1379aced55ce6f95debecdce179f7a0cd1d"
  
  ethjs-abi@^0.2.1:
    version "0.2.1"
    resolved "https://registry.yarnpkg.com/ethjs-abi/-/ethjs-abi-0.2.1.tgz#e0a7a93a7e81163a94477bad56ede524ab6de533"
    dependencies:
      bn.js "4.11.6"
      js-sha3 "0.5.5"
      number-to-bn "1.7.0"
  
  is-hex-prefixed@1.0.0:
    version "1.0.0"
    resolved "https://registry.yarnpkg.com/is-hex-prefixed/-/is-hex-prefixed-1.0.0.tgz#7d8d37e6ad77e5d127148913c573e082d777f554"
  
  js-sha3@0.5.5:
    version "0.5.5"
    resolved "https://registry.yarnpkg.com/js-sha3/-/js-sha3-0.5.5.tgz#baf0c0e8c54ad5903447df96ade7a4a1bca79a4a"
  
  lodash@^4.17.5:
    version "4.17.5"
    resolved "https://registry.yarnpkg.com/lodash/-/lodash-4.17.5.tgz#99a92d65c0272debe8c96b6057bc8fbfa3bed511"
  
  moment@^2.22.0:
    version "2.22.0"
    resolved "https://registry.yarnpkg.com/moment/-/moment-2.22.0.tgz#7921ade01017dd45186e7fee5f424f0b8663a730"
  
  number-to-bn@1.7.0:
    version "1.7.0"
    resolved "https://registry.yarnpkg.com/number-to-bn/-/number-to-bn-1.7.0.tgz#bb3623592f7e5f9e0030b1977bd41a0c53fe1ea0"
    dependencies:
      bn.js "4.11.6"
      strip-hex-prefix "1.0.0"
  
  strip-hex-prefix@1.0.0:
    version "1.0.0"
    resolved "https://registry.yarnpkg.com/strip-hex-prefix/-/strip-hex-prefix-1.0.0.tgz#0c5f155fef1151373377de9dbb588da05500e36f"
    dependencies:
      is-hex-prefixed "1.0.0"
  
  zeppelin-solidity@^1.8.0:
    version "1.8.0"
    resolved "https://registry.yarnpkg.com/zeppelin-solidity/-/zeppelin-solidity-1.8.0.tgz#049fcde7daea9fc85210f8c6db9f8cd1ab8a853a"
    dependencies:
      dotenv "^4.0.0"
      ethjs-abi "^0.2.1"

Trace: 
  Error: Command failed.
  Exit code: 127
  Command: sh
  Arguments: -c sh ems2cjs.sh
  Directory: /Users/raynux/Development/crypto-contest
  Output:
  
      at ProcessTermError.MessageError (/Users/raynux/.nvm/versions/node/v9.10.1/lib/node_modules/yarn/lib/cli.js:186:110)
      at new ProcessTermError (/Users/raynux/.nvm/versions/node/v9.10.1/lib/node_modules/yarn/lib/cli.js:226:113)
      at ChildProcess.<anonymous> (/Users/raynux/.nvm/versions/node/v9.10.1/lib/node_modules/yarn/lib/cli.js:30281:17)
      at ChildProcess.emit (events.js:180:13)
      at maybeClose (internal/child_process.js:936:16)
      at Process.ChildProcess._handle.onexit (internal/child_process.js:220:5)
